1625736845631	geckodriver	INFO	Listening on 127.0.0.1:53451
1625736845635	mozrunner::runner	INFO	Running command: "/usr/bin/firefox" "--marionette" "-foreground" "-no-remote" "-profile" "/tmp/rust_mozprofilepJgdn5"
1625736847795	Marionette	INFO	Marionette enabled
console.warn: SearchSettings: "get: No settings file exists, new profile?" (new NotFoundError("Could not open the file at /tmp/rust_mozprofilepJgdn5/search.json.mozlz4", (void 0)))
1625736853629	Marionette	INFO	Listening on port 41583
1625736853668	Marionette	WARN	TLS certificate errors will be ignored for this session
1625736895910	geckodriver	INFO	Listening on 127.0.0.1:33677
1625736895914	mozrunner::runner	INFO	Running command: "/usr/bin/firefox" "--marionette" "-foreground" "-no-remote" "-profile" "/tmp/rust_mozprofile9rNRFB"
1625736899843	Marionette	INFO	Marionette enabled
1625736902323	Marionette	INFO	Stopped listening on port 41583
console.warn: SearchSettings: "get: No settings file exists, new profile?" (new NotFoundError("Could not open the file at /tmp/rust_mozprofile9rNRFB/search.json.mozlz4", (void 0)))
1625736907436	Marionette	INFO	Listening on port 34745
1625736907456	Marionette	WARN	TLS certificate errors will be ignored for this session
JavaScript error: https://meet.google.com/_/scs/mss-static/_/js/k=boq-rtc.MeetingsUi.en_US.ciiKzUjafN8.2020.O/ck=boq-rtc.MeetingsUi.N7uoX2Q8XGw.L.F4.O/am=hjwABgEAAIBaEHD6gwEIEKAgEAAABAwgn_f-ADBgAICGAeEMYP8HqCQAAgDQEAAAAADkBCQEEgAQ/d=1/exm=LEikZe,_b,_tp,byfTOb,lsjVmc/excm=_b,_tp,calldesktoppageview/ed=1/wt=2/rs=AL5CKSEls8VyZQgK2yrXt4S0uspn0aWZqw/m=n73qwf,ws9Tlc,IZT63,e5qFLc,GkRiKb,UUJqVe,O1Gjze,xUdipf,blwjVc,fKUV3e,aurFic,COQbmf,U0aPgd,ZwDk9d,V3dDOb,mI3LFb,XU5LFb,m9oV,hl,rrm,c6KVyc,jKHFJb,WO9ee,T6U9J,lHoXXe,SFhYHb,qIJF2,rsr,sVRBvb,AePfdf,KiD3i,RqS4qe,t8N1l,zmuYmd,mibVie,syIdOe,ABMzYd,k2r0oe,nUMwj,FMq9Lb,fBTc5d,KdcBrc,O6y8ed,NpD4ec,PrPYRd,iWP1Yb,MpJwZc,O8k1Cd,NwH0H,OmgaI,HLo3Ef,x60fie,xiqEse,lazG7b,g9HNd,MsyKad,ma,kXiGjb,tq1yR,W4cEdc,tQz2Ve,XVMNvd,L1AAkb,KUM7Z,lfpdyf,Fl2dbf,fFdwef,Mh3sMc,GcAaod,rn9YO,Y0bgVb,s39S4,lwddkf,gychg,w9hDv,RMhBfe,qCSYWe,tgTcU,lAg79c,TH1Apc,FJm4Gb,SdcwHb,aW3pY,YLQSd,PQaYAf,P1S3zf,DM8swd,pw70Gc,EFQ78c,Ulmmrd,ZfAoz,mdR7q,Ivl8bd,kbLDWb,CBlRxf,MdUzUe,I6YDgd,N5Lqpc,fgj8Rb,xQtZb,lPKSwe,y4Nztd,QIhFr,JNoxi,MI6k7c,kjKdXe,texUgd,xGC4Gb,pB6Zqd,llTWPd,FYCkde,rHjpXd,yDVVkb,E7GzYd,SF3gsd,hKSk3e,FSOnAf,wfcdnd,cilABe,qexExd,DNsE7e,jdrlZe,khenvb,swpmp,gtEOic,Ebsiqd,wiZ2v,QQnX0,oUdseb,WWLNXd,sPwFo,iTsyac,Rsjrje,hc6Ubd,CJeEuc,tZtmyd,Tnlgmf,dWHZee,sszRX,DPQwOe,DDvSYd,NNJERe,CvtcN,KG2eXe,SpsfSb,IVuTze,Lamzc,tfTN8c,o02Jie,cWjcJb,VwDzFe,zbML3c,Cw0Hjd,LgZW9b,EzF5zd,OdgxHf,HDvRde,Uas9Hd,BVgquf,a9EW5e,zbU9W,alwr6,JECyjf,ixOrqc,dlck6b,kmkrAf,A7fCU,hIO81e,Z7OaKe,JGjVRe,UgAtXe,pjICDe, line 7706: Error: DisconnectedError, EndCause = 72
JavaScript error: https://meet.google.com/_/scs/mss-static/_/js/k=boq-rtc.MeetingsUi.en_US.ciiKzUjafN8.2020.O/ck=boq-rtc.MeetingsUi.N7uoX2Q8XGw.L.F4.O/am=hjwABgEAAIBaEHD6gwEIEKAgEAAABAwgn_f-ADBgAICGAeEMYP8HqCQAAgDQEAAAAADkBCQEEgAQ/d=1/exm=LEikZe,_b,_tp,byfTOb,lsjVmc/excm=_b,_tp,calldesktoppageview/ed=1/wt=2/rs=AL5CKSEls8VyZQgK2yrXt4S0uspn0aWZqw/m=n73qwf,ws9Tlc,IZT63,e5qFLc,GkRiKb,UUJqVe,O1Gjze,xUdipf,blwjVc,fKUV3e,aurFic,COQbmf,U0aPgd,ZwDk9d,V3dDOb,mI3LFb,XU5LFb,m9oV,hl,rrm,c6KVyc,jKHFJb,WO9ee,T6U9J,lHoXXe,SFhYHb,qIJF2,rsr,sVRBvb,AePfdf,KiD3i,RqS4qe,t8N1l,zmuYmd,mibVie,syIdOe,ABMzYd,k2r0oe,nUMwj,FMq9Lb,fBTc5d,KdcBrc,O6y8ed,NpD4ec,PrPYRd,iWP1Yb,MpJwZc,O8k1Cd,NwH0H,OmgaI,HLo3Ef,x60fie,xiqEse,lazG7b,g9HNd,MsyKad,ma,kXiGjb,tq1yR,W4cEdc,tQz2Ve,XVMNvd,L1AAkb,KUM7Z,lfpdyf,Fl2dbf,fFdwef,Mh3sMc,GcAaod,rn9YO,Y0bgVb,s39S4,lwddkf,gychg,w9hDv,RMhBfe,qCSYWe,tgTcU,lAg79c,TH1Apc,FJm4Gb,SdcwHb,aW3pY,YLQSd,PQaYAf,P1S3zf,DM8swd,pw70Gc,EFQ78c,Ulmmrd,ZfAoz,mdR7q,Ivl8bd,kbLDWb,CBlRxf,MdUzUe,I6YDgd,N5Lqpc,fgj8Rb,xQtZb,lPKSwe,y4Nztd,QIhFr,JNoxi,MI6k7c,kjKdXe,texUgd,xGC4Gb,pB6Zqd,llTWPd,FYCkde,rHjpXd,yDVVkb,E7GzYd,SF3gsd,hKSk3e,FSOnAf,wfcdnd,cilABe,qexExd,DNsE7e,jdrlZe,khenvb,swpmp,gtEOic,Ebsiqd,wiZ2v,QQnX0,oUdseb,WWLNXd,sPwFo,iTsyac,Rsjrje,hc6Ubd,CJeEuc,tZtmyd,Tnlgmf,dWHZee,sszRX,DPQwOe,DDvSYd,NNJERe,CvtcN,KG2eXe,SpsfSb,IVuTze,Lamzc,tfTN8c,o02Jie,cWjcJb,VwDzFe,zbML3c,Cw0Hjd,LgZW9b,EzF5zd,OdgxHf,HDvRde,Uas9Hd,BVgquf,a9EW5e,zbU9W,alwr6,JECyjf,ixOrqc,dlck6b,kmkrAf,A7fCU,hIO81e,Z7OaKe,JGjVRe,UgAtXe,pjICDe, line 7706: Error: DisconnectedError, EndCause = 72
JavaScript error: https://meet.google.com/_/scs/mss-static/_/js/k=boq-rtc.MeetingsUi.en_US.ciiKzUjafN8.2020.O/ck=boq-rtc.MeetingsUi.N7uoX2Q8XGw.L.F4.O/am=hjwABgEAAIBaEHD6gwEIEKAgEAAABAwgn_f-ADBgAICGAeEMYP8HqCQAAgDQEAAAAADkBCQEEgAQ/d=1/exm=LEikZe,_b,_tp,byfTOb,lsjVmc/excm=_b,_tp,calldesktoppageview/ed=1/wt=2/rs=AL5CKSEls8VyZQgK2yrXt4S0uspn0aWZqw/m=n73qwf,ws9Tlc,IZT63,e5qFLc,GkRiKb,UUJqVe,O1Gjze,xUdipf,blwjVc,fKUV3e,aurFic,COQbmf,U0aPgd,ZwDk9d,V3dDOb,mI3LFb,XU5LFb,m9oV,hl,rrm,c6KVyc,jKHFJb,WO9ee,T6U9J,lHoXXe,SFhYHb,qIJF2,rsr,sVRBvb,AePfdf,KiD3i,RqS4qe,t8N1l,zmuYmd,mibVie,syIdOe,ABMzYd,k2r0oe,nUMwj,FMq9Lb,fBTc5d,KdcBrc,O6y8ed,NpD4ec,PrPYRd,iWP1Yb,MpJwZc,O8k1Cd,NwH0H,OmgaI,HLo3Ef,x60fie,xiqEse,lazG7b,g9HNd,MsyKad,ma,kXiGjb,tq1yR,W4cEdc,tQz2Ve,XVMNvd,L1AAkb,KUM7Z,lfpdyf,Fl2dbf,fFdwef,Mh3sMc,GcAaod,rn9YO,Y0bgVb,s39S4,lwddkf,gychg,w9hDv,RMhBfe,qCSYWe,tgTcU,lAg79c,TH1Apc,FJm4Gb,SdcwHb,aW3pY,YLQSd,PQaYAf,P1S3zf,DM8swd,pw70Gc,EFQ78c,Ulmmrd,ZfAoz,mdR7q,Ivl8bd,kbLDWb,CBlRxf,MdUzUe,I6YDgd,N5Lqpc,fgj8Rb,xQtZb,lPKSwe,y4Nztd,QIhFr,JNoxi,MI6k7c,kjKdXe,texUgd,xGC4Gb,pB6Zqd,llTWPd,FYCkde,rHjpXd,yDVVkb,E7GzYd,SF3gsd,hKSk3e,FSOnAf,wfcdnd,cilABe,qexExd,DNsE7e,jdrlZe,khenvb,swpmp,gtEOic,Ebsiqd,wiZ2v,QQnX0,oUdseb,WWLNXd,sPwFo,iTsyac,Rsjrje,hc6Ubd,CJeEuc,tZtmyd,Tnlgmf,dWHZee,sszRX,DPQwOe,DDvSYd,NNJERe,CvtcN,KG2eXe,SpsfSb,IVuTze,Lamzc,tfTN8c,o02Jie,cWjcJb,VwDzFe,zbML3c,Cw0Hjd,LgZW9b,EzF5zd,OdgxHf,HDvRde,Uas9Hd,BVgquf,a9EW5e,zbU9W,alwr6,JECyjf,ixOrqc,dlck6b,kmkrAf,A7fCU,hIO81e,Z7OaKe,JGjVRe,UgAtXe,pjICDe, line 7706: Error: DisconnectedError, EndCause = 72
JavaScript error: https://meet.google.com/_/scs/mss-static/_/js/k=boq-rtc.MeetingsUi.en_US.ciiKzUjafN8.2020.O/ck=boq-rtc.MeetingsUi.N7uoX2Q8XGw.L.F4.O/am=hjwABgEAAIBaEHD6gwEIEKAgEAAABAwgn_f-ADBgAICGAeEMYP8HqCQAAgDQEAAAAADkBCQEEgAQ/d=1/exm=LEikZe,_b,_tp,byfTOb,lsjVmc/excm=_b,_tp,calldesktoppageview/ed=1/wt=2/rs=AL5CKSEls8VyZQgK2yrXt4S0uspn0aWZqw/m=n73qwf,ws9Tlc,IZT63,e5qFLc,GkRiKb,UUJqVe,O1Gjze,xUdipf,blwjVc,fKUV3e,aurFic,COQbmf,U0aPgd,ZwDk9d,V3dDOb,mI3LFb,XU5LFb,m9oV,hl,rrm,c6KVyc,jKHFJb,WO9ee,T6U9J,lHoXXe,SFhYHb,qIJF2,rsr,sVRBvb,AePfdf,KiD3i,RqS4qe,t8N1l,zmuYmd,mibVie,syIdOe,ABMzYd,k2r0oe,nUMwj,FMq9Lb,fBTc5d,KdcBrc,O6y8ed,NpD4ec,PrPYRd,iWP1Yb,MpJwZc,O8k1Cd,NwH0H,OmgaI,HLo3Ef,x60fie,xiqEse,lazG7b,g9HNd,MsyKad,ma,kXiGjb,tq1yR,W4cEdc,tQz2Ve,XVMNvd,L1AAkb,KUM7Z,lfpdyf,Fl2dbf,fFdwef,Mh3sMc,GcAaod,rn9YO,Y0bgVb,s39S4,lwddkf,gychg,w9hDv,RMhBfe,qCSYWe,tgTcU,lAg79c,TH1Apc,FJm4Gb,SdcwHb,aW3pY,YLQSd,PQaYAf,P1S3zf,DM8swd,pw70Gc,EFQ78c,Ulmmrd,ZfAoz,mdR7q,Ivl8bd,kbLDWb,CBlRxf,MdUzUe,I6YDgd,N5Lqpc,fgj8Rb,xQtZb,lPKSwe,y4Nztd,QIhFr,JNoxi,MI6k7c,kjKdXe,texUgd,xGC4Gb,pB6Zqd,llTWPd,FYCkde,rHjpXd,yDVVkb,E7GzYd,SF3gsd,hKSk3e,FSOnAf,wfcdnd,cilABe,qexExd,DNsE7e,jdrlZe,khenvb,swpmp,gtEOic,Ebsiqd,wiZ2v,QQnX0,oUdseb,WWLNXd,sPwFo,iTsyac,Rsjrje,hc6Ubd,CJeEuc,tZtmyd,Tnlgmf,dWHZee,sszRX,DPQwOe,DDvSYd,NNJERe,CvtcN,KG2eXe,SpsfSb,IVuTze,Lamzc,tfTN8c,o02Jie,cWjcJb,VwDzFe,zbML3c,Cw0Hjd,LgZW9b,EzF5zd,OdgxHf,HDvRde,Uas9Hd,BVgquf,a9EW5e,zbU9W,alwr6,JECyjf,ixOrqc,dlck6b,kmkrAf,A7fCU,hIO81e,Z7OaKe,JGjVRe,UgAtXe,pjICDe, line 7706: Error: DisconnectedError, EndCause = 72
JavaScript error: , line 0: uncaught exception: Object
JavaScript error: https://meet.google.com/_/scs/mss-static/_/js/k=boq-rtc.MeetingsUi.en_US.ciiKzUjafN8.2020.O/ck=boq-rtc.MeetingsUi.N7uoX2Q8XGw.L.F4.O/am=hjwABgEAAIBaEHD6gwEIEKAgEAAABAwgn_f-ADBgAICGAeEMYP8HqCQAAgDQEAAAAADkBCQEEgAQ/d=1/exm=LEikZe,_b,_tp,byfTOb,lsjVmc/excm=_b,_tp,calldesktoppageview/ed=1/wt=2/rs=AL5CKSEls8VyZQgK2yrXt4S0uspn0aWZqw/m=n73qwf,ws9Tlc,IZT63,e5qFLc,GkRiKb,UUJqVe,O1Gjze,xUdipf,blwjVc,fKUV3e,aurFic,COQbmf,U0aPgd,ZwDk9d,V3dDOb,mI3LFb,XU5LFb,m9oV,hl,rrm,c6KVyc,jKHFJb,WO9ee,T6U9J,lHoXXe,SFhYHb,qIJF2,rsr,sVRBvb,AePfdf,KiD3i,RqS4qe,t8N1l,zmuYmd,mibVie,syIdOe,ABMzYd,k2r0oe,nUMwj,FMq9Lb,fBTc5d,KdcBrc,O6y8ed,NpD4ec,PrPYRd,iWP1Yb,MpJwZc,O8k1Cd,NwH0H,OmgaI,HLo3Ef,x60fie,xiqEse,lazG7b,g9HNd,MsyKad,ma,kXiGjb,tq1yR,W4cEdc,tQz2Ve,XVMNvd,L1AAkb,KUM7Z,lfpdyf,Fl2dbf,fFdwef,Mh3sMc,GcAaod,rn9YO,Y0bgVb,s39S4,lwddkf,gychg,w9hDv,RMhBfe,qCSYWe,tgTcU,lAg79c,TH1Apc,FJm4Gb,SdcwHb,aW3pY,YLQSd,PQaYAf,P1S3zf,DM8swd,pw70Gc,EFQ78c,Ulmmrd,ZfAoz,mdR7q,Ivl8bd,kbLDWb,CBlRxf,MdUzUe,I6YDgd,N5Lqpc,fgj8Rb,xQtZb,lPKSwe,y4Nztd,QIhFr,JNoxi,MI6k7c,kjKdXe,texUgd,xGC4Gb,pB6Zqd,llTWPd,FYCkde,rHjpXd,yDVVkb,E7GzYd,SF3gsd,hKSk3e,FSOnAf,wfcdnd,cilABe,qexExd,DNsE7e,jdrlZe,khenvb,swpmp,gtEOic,Ebsiqd,wiZ2v,QQnX0,oUdseb,WWLNXd,sPwFo,iTsyac,Rsjrje,hc6Ubd,CJeEuc,tZtmyd,Tnlgmf,dWHZee,sszRX,DPQwOe,DDvSYd,NNJERe,CvtcN,KG2eXe,SpsfSb,IVuTze,Lamzc,tfTN8c,o02Jie,cWjcJb,VwDzFe,zbML3c,Cw0Hjd,LgZW9b,EzF5zd,OdgxHf,HDvRde,Uas9Hd,BVgquf,a9EW5e,zbU9W,alwr6,JECyjf,ixOrqc,dlck6b,kmkrAf,A7fCU,hIO81e,Z7OaKe,JGjVRe,UgAtXe,pjICDe, line 7708: Error: startupCode: 200, error = {
  Ia = 403
  Ba = {
    alt-svc = "h3=":443"; ma=2592000,h3-29=":443"; ma=2592000,h3-T051=":443"; ma=2592000,h3-Q050=":443"; ma=2592000,h3-Q046=":443"; ma=2592000,h3-Q043=":443"; ma=2592000,quic=":443"; ma=2592000; v="46,43""
    cache-control = "private"
    content-encoding = "gzip"
    content-length = "59"
    content-type = "application/x-protobuf"
    date = "Thu, 08 Jul 2021 09:35:11 GMT"
    server = "ESF"
    vary = "Origin, X-Origin, Referer"
    x-content-type-options = "nosniff"
    x-firefox-spdy = "h2"
    x-frame-options = "SAMEORIGIN"
    x-xss-protection = "0"
    closure_uid_361121471 = 68
  }
  Ga = NULL
  Ca = {
    Yea = 39
    mda = undefined
    closure_uid_361121471 = 69
  }
  Aa = {
    Aa = {
      3 = {
        closure_uid_361121471 = 72
      }
      closure_uid_361121471 = 71
    }
    Xa = -1
    Ia = {
      0 = 7
      1 = "The caller does not have permission"
      2 = {
        closure_uid_361121471 = 74
      }
      closure_uid_361121471 = 73
    }
    Qa = 1.7976931348623157e+308
    Dc = {
      closure_uid_361121471 = 75
    }
    closure_uid_361121471 = 70
    Rc = "v3Bbmc"
  }
  cause = NULL
  stack = "@https://meet.google.com/_/scs/mss-static/_/js/k=boq-rtc.MeetingsUi.en_US.ciiKzUjafN8.2020.O/ck=boq-rtc.MeetingsUi.N7uoX2Q8XGw.L.F4.O/am=hjwABgEAAIBaEHD6gwEIEKAgEAAABAwgn_f-ADBgAICGAeEMYP8HqCQAAgDQEAAAAADkBCQEEgAQ/d=1/exm=LEikZe,_b,_tp,byfTOb,lsjVmc/excm=_b,_tp,calldesktoppageview/ed=1/wt=2/rs=AL5CKSEls8VyZQgK2yrXt4S0uspn0aWZqw/m=n73qwf,ws9Tlc,IZT63,e5qFLc,GkRiKb,UUJqVe,O1Gjze,xUdipf,blwjVc,fKUV3e,aurFic,COQbmf,U0aPgd,ZwDk9d,V3dDOb,mI3LFb,XU5LFb,m9oV,hl,rrm,c6KVyc,jKHFJb,WO9ee,T6U9J,lHoXXe,SFhYHb,qIJF2,rsr,sVRBvb,AePfdf,KiD3i,RqS4qe,t8N1l,zmuYmd,mibVie,syIdOe,ABMzYd,k2r0oe,nUMwj,FMq9Lb,fBTc5d,KdcBrc,O6y8ed,NpD4ec,PrPYRd,iWP1Yb,MpJwZc,O8k1Cd,NwH0H,OmgaI,HLo3Ef,x60fie,xiqEse,lazG7b,g9HNd,MsyKad,ma,kXiGjb,tq1yR,W4cEdc,tQz2Ve,XVMNvd,L1AAkb,KUM7Z,lfpdyf,Fl2dbf,fFdwef,Mh3sMc,GcAaod,rn9YO,Y0bgVb,s39S4,lwddkf,gychg,w9hDv,RMhBfe,qCSYWe,tgTcU,lAg79c,TH1Apc,FJm4Gb,SdcwHb,aW3pY,YLQSd,PQaYAf,P1S3zf,DM8swd,pw70Gc,EFQ78c,Ulmmrd,ZfAoz,mdR7q,Ivl8bd,kbLDWb,CBlRxf,MdUzUe,I6YDgd,N5Lqpc,fgj8Rb,xQtZb,lPKSwe,y4Nztd,QIhFr,JNoxi,MI6k7c,kjKdXe,texUgd,xGC4Gb,pB6Zqd,llTWPd,FYCkde,rHjpXd,yDVVkb,E7GzYd,SF3gsd,hKSk3e,FSOnAf,wfcdnd,cilABe,qexExd,DNsE7e,jdrlZe,khenvb,swpmp,gtEOic,Ebsiqd,wiZ2v,QQnX0,oUdseb,WWLNXd,sPwFo,iTsyac,Rsjrje,hc6Ubd,CJeEuc,tZtmyd,Tnlgmf,dWHZee,sszRX,DPQwOe,DDvSYd,NNJERe,CvtcN,KG2eXe,SpsfSb,IVuTze,Lamzc,tfTN8c,o02Jie,cWjcJb,VwDzFe,zbML3c,Cw0Hjd,LgZW9b,EzF5zd,OdgxHf,HDvRde,Uas9Hd,BVgquf,a9EW5e,zbU9W,alwr6,JECyjf,ixOrqc,dlck6b,kmkrAf,A7fCU,hIO81e,Z7OaKe,JGjVRe,UgAtXe,pjICDe:4007:171
  RLc/<@https://meet.google.com/_/scs/mss-static/_/js/k=boq-rtc.MeetingsUi.en_US.ciiKzUjafN8.2020.O/ck=boq-rtc.MeetingsUi.N7uoX2Q8XGw.L.F4.O/am=hjwABgEAAIBaEHD6gwEIEKAgEAAABAwgn_f-ADBgAICGAeEMYP8HqCQAAgDQEAAAAADkBCQEEgAQ/d=1/exm=LEikZe,_b,_tp,byfTOb,lsjVmc/excm=_b,_tp,calldesktoppageview/ed=1/wt=2/rs=AL5CKSEls8VyZQgK2yrXt4S0uspn0aWZqw/m=n73qwf,ws9Tlc,IZT63,e5qFLc,GkRiKb,UUJqVe,O1Gjze,xUdipf,blwjVc,fKUV3e,aurFic,COQbmf,U0aPgd,ZwDk9d,V3dDOb,mI3LFb,XU5LFb,m9oV,hl,rrm,c6KVyc,jKHFJb,WO9ee,T6U9J,lHoXXe,SFhYHb,qIJF2,rsr,sVRBvb,AePfdf,KiD3i,RqS4qe,t8N1l,zmuYmd,mibVie,syIdOe,ABMzYd,k2r0oe,nUMwj,FMq9Lb,fBTc5d,KdcBrc,O6y8ed,NpD4ec,PrPYRd,iWP1Yb,MpJwZc,O8k1Cd,NwH0H,OmgaI,HLo3Ef,x60fie,xiqEse,lazG7b,g9HNd,MsyKad,ma,kXiGjb,tq1yR,W4cEdc,tQz2Ve,XVMNvd,L1AAkb,KUM7Z,lfpdyf,Fl2dbf,fFdwef,Mh3sMc,GcAaod,rn9YO,Y0bgVb,s39S4,lwddkf,gychg,w9hDv,RMhBfe,qCSYWe,tgTcU,lAg79c,TH1Apc,FJm4Gb,SdcwHb,aW3pY,YLQSd,PQaYAf,P1S3zf,DM8swd,pw70Gc,EFQ78c,Ulmmrd,ZfAoz,mdR7q,Ivl8bd,kbLDWb,CBlRxf,MdUzUe,I6YDgd,N5Lqpc,fgj8Rb,xQtZb,lPKSwe,y4Nztd,QIhFr,JNoxi,MI6k7c,kjKdXe,texUgd,xGC4Gb,pB6Zqd,llTWPd,FYCkde,rHjpXd,yDVVkb,E7GzYd,SF3gsd,hKSk3e,FSOnAf,wfcdnd,cilABe,qexExd,DNsE7e,jdrlZe,khenvb,swpmp,gtEOic,Ebsiqd,wiZ2v,QQnX0,oUdseb,WWLNXd,sPwFo,iTsyac,Rsjrje,hc6Ubd,CJeEuc,tZtmyd,Tnlgmf,dWHZee,sszRX,DPQwOe,DDvSYd,NNJERe,CvtcN,KG2eXe,SpsfSb,IVuTze,Lamzc,tfTN8c,o02Jie,cWjcJb,VwDzFe,zbML3c,Cw0Hjd,LgZW9b,EzF5zd,OdgxHf,HDvRde,Uas9Hd,BVgquf,a9EW5e,zbU9W,alwr6,JECyjf,ixOrqc,dlck6b,kmkrAf,A7fCU,hIO81e,Z7OaKe,JGjVRe,UgAtXe,pjICDe:4034:367
  
  makeRequest@https://meet.google.com/_/scs/mss-static/_/js/k=boq-rtc.MeetingsUi.en_US.ciiKzUjafN8.2020.O/ck=boq-rtc.MeetingsUi.N7uoX2Q8XGw.L.F4.O/am=hjwABgEAAIBaEHD6gwEIEKAgEAAABAwgn_f-ADBgAICGAeEMYP8HqCQAAgDQEAAAAADkBCQEEgAQ/d=1/exm=LEikZe,_b,_tp,byfTOb,lsjVmc/excm=_b,_tp,calldesktoppageview/ed=1/wt=2/rs=AL5CKSEls8VyZQgK2yrXt4S0uspn0aWZqw/m=n73qwf,ws9Tlc,IZT63,e5qFLc,GkRiKb,UUJqVe,O1Gjze,xUdipf,blwjVc,fKUV3e,aurFic,COQbmf,U0aPgd,ZwDk9d,V3dDOb,mI3LFb,XU5LFb,m9oV,hl,rrm,c6KVyc,jKHFJb,WO9ee,T6U9J,lHoXXe,SFhYHb,qIJF2,rsr,sVRBvb,AePfdf,KiD3i,RqS4qe,t8N1l,zmuYmd,mibVie,syIdOe,ABMzYd,k2r0oe,nUMwj,FMq9Lb,fBTc5d,KdcBrc,O6y8ed,NpD4ec,PrPYRd,iWP1Yb,MpJwZc,O8k1Cd,NwH0H,OmgaI,HLo3Ef,x60fie,xiqEse,lazG7b,g9HNd,MsyKad,ma,kXiGjb,tq1yR,W4cEdc,tQz2Ve,XVMNvd,L1AAkb,KUM7Z,lfpdyf,Fl2dbf,fFdwef,Mh3sMc,GcAaod,rn9YO,Y0bgVb,s39S4,lwddkf,gychg,w9hDv,RMhBfe,qCSYWe,tgTcU,lAg79c,TH1Apc,FJm4Gb,SdcwHb,aW3pY,YLQSd,PQaYAf,P1S3zf,DM8swd,pw70Gc,EFQ78c,Ulmmrd,ZfAoz,mdR7q,Ivl8bd,kbLDWb,CBlRxf,MdUzUe,I6YDgd,N5Lqpc,fgj8Rb,xQtZb,lPKSwe,y4Nztd,QIhFr,JNoxi,MI6k7c,kjKdXe,texUgd,xGC4Gb,pB6Zqd,llTWPd,FYCkde,rHjpXd,yDVVkb,E7GzYd,SF3gsd,hKSk3e,FSOnAf,wfcdnd,cilABe,qexExd,DNsE7e,jdrlZe,khenvb,swpmp,gtEOic,Ebsiqd,wiZ2v,QQnX0,oUdseb,WWLNXd,sPwFo,iTsyac,Rsjrje,hc6Ubd,CJeEuc,tZtmyd,Tnlgmf,dWHZee,sszRX,DPQwOe,DDvSYd,NNJERe,CvtcN,KG2eXe,SpsfSb,IVuTze,Lamzc,tfTN8c,o02Jie,cWjcJb,VwDzFe,zbML3c,Cw0Hjd,LgZW9b,EzF5zd,OdgxHf,HDvRde,Uas9Hd,BVgquf,a9EW5e,zbU9W,alwr6,JECyjf,ixOrqc,dlck6b,kmkrAf,A7fCU,hIO81e,Z7OaKe,JGjVRe,UgAtXe,pjICDe:4055:140
  _.eQc@https://meet.google.com/_/scs/mss-static/_/js/k=boq-rtc.MeetingsUi.en_US.ciiKzUjafN8.2020.O/ck=boq-rtc.MeetingsUi.N7uoX2Q8XGw.L.F4.O/am=hjwABgEAAIBaEHD6gwEIEKAgEAAABAwgn_f-ADBgAICGAeEMYP8HqCQAAgDQEAAAAADkBCQEEgAQ/d=1/exm=LEikZe,_b,_tp,byfTOb,lsjVmc/excm=_b,_tp,calldesktoppageview/ed=1/wt=2/rs=AL5CKSEls8VyZQgK2yrXt4S0uspn0aWZqw/m=n73qwf,ws9Tlc,IZT63,e5qFLc,GkRiKb,UUJqVe,O1Gjze,xUdipf,blwjVc,fKUV3e,aurFic,COQbmf,U0aPgd,ZwDk9d,V3dDOb,mI3LFb,XU5LFb,m9oV,hl,rrm,c6KVyc,jKHFJb,WO9ee,T6U9J,lHoXXe,SFhYHb,qIJF2,rsr,sVRBvb,AePfdf,KiD3i,RqS4qe,t8N1l,zmuYmd,mibVie,syIdOe,ABMzYd,k2r0oe,nUMwj,FMq9Lb,fBTc5d,KdcBrc,O6y8ed,NpD4ec,PrPYRd,iWP1Yb,MpJwZc,O8k1Cd,NwH0H,OmgaI,HLo3Ef,x60fie,xiqEse,lazG7b,g9HNd,MsyKad,ma,kXiGjb,tq1yR,W4cEdc,tQz2Ve,XVMNvd,L1AAkb,KUM7Z,lfpdyf,Fl2dbf,fFdwef,Mh3sMc,GcAaod,rn9YO,Y0bgVb,s39S4,lwddkf,gychg,w9hDv,RMhBfe,qCSYWe,tgTcU,lAg79c,TH1Apc,FJm4Gb,SdcwHb,aW3pY,YLQSd,PQaYAf,P1S3zf,DM8swd,pw70Gc,EFQ78c,Ulmmrd,ZfAoz,mdR7q,Ivl8bd,kbLDWb,CBlRxf,MdUzUe,I6YDgd,N5Lqpc,fgj8Rb,xQtZb,lPKSwe,y4Nztd,QIhFr,JNoxi,MI6k7c,kjKdXe,texUgd,xGC4Gb,pB6Zqd,llTWPd,FYCkde,rHjpXd,yDVVkb,E7GzYd,SF3gsd,hKSk3e,FSOnAf,wfcdnd,cilABe,qexExd,DNsE7e,jdrlZe,khenvb,swpmp,gtEOic,Ebsiqd,wiZ2v,QQnX0,oUdseb,WWLNXd,sPwFo,iTsyac,Rsjrje,hc6Ubd,CJeEuc,tZtmyd,Tnlgmf,dWHZee,sszRX,DPQwOe,DDvSYd,NNJERe,CvtcN,KG2eXe,SpsfSb,IVuTze,Lamzc,tfTN8c,o02Jie,cWjcJb,VwDzFe,zbML3c,Cw0Hjd,LgZW9b,EzF5zd,OdgxHf,HDvRde,Uas9Hd,BVgquf,a9EW5e,zbU9W,alwr6,JECyjf,ixOrqc,dlck6b,kmkrAf,A7fCU,hIO81e,Z7OaKe,JGjVRe,UgAtXe,pjICDe:4728:327
  _.lQc@https://meet.google.com/_/scs/mss-static/_/js/k=boq-rtc.MeetingsUi.en_US.ciiKzUjafN8.2020.O/ck=boq-rtc.MeetingsUi.N7uoX2Q8XGw.L.F4.O/am=hjwABgEAAIBaEHD6gwEIEKAgEAAABAwgn_f-ADBgAICGAeEMYP8HqCQAAgDQEAAAAADkBCQEEgAQ/d=1/exm=LEikZe,_b,_tp,byfTOb,lsjVmc/excm=_b,_tp,calldesktoppageview/ed=1/wt=2/rs=AL5CKSEls8VyZQgK2yrXt4S0uspn0aWZqw/m=n73qwf,ws9Tlc,IZT63,e5qFLc,GkRiKb,UUJqVe,O1Gjze,xUdipf,blwjVc,fKUV3e,aurFic,COQbmf,U0aPgd,ZwDk9d,V3dDOb,mI3LFb,XU5LFb,m9oV,hl,rrm,c6KVyc,jKHFJb,WO9ee,T6U9J,lHoXXe,SFhYHb,qIJF2,rsr,sVRBvb,AePfdf,KiD3i,RqS4qe,t8N1l,zmuYmd,mibVie,syIdOe,ABMzYd,k2r0oe,nUMwj,FMq9Lb,fBTc5d,KdcBrc,O6y8ed,NpD4ec,PrPYRd,iWP1Yb,MpJwZc,O8k1Cd,NwH0H,OmgaI,HLo3Ef,x60fie,xiqEse,lazG7b,g9HNd,MsyKad,ma,kXiGjb,tq1yR,W4cEdc,tQz2Ve,XVMNvd,L1AAkb,KUM7Z,lfpdyf,Fl2dbf,fFdwef,Mh3sMc,GcAaod,rn9YO,Y0bgVb,s39S4,lwddkf,gychg,w9hDv,RMhBfe,qCSYWe,tgTcU,lAg79c,TH1Apc,FJm4Gb,SdcwHb,aW3pY,YLQSd,PQaYAf,P1S3zf,DM8swd,pw70Gc,EFQ78c,Ulmmrd,ZfAoz,mdR7q,Ivl8bd,kbLDWb,CBlRxf,MdUzUe,I6YDgd,N5Lqpc,fgj8Rb,xQtZb,lPKSwe,y4Nztd,QIhFr,JNoxi,MI6k7c,kjKdXe,texUgd,xGC4Gb,pB6Zqd,llTWPd,FYCkde,rHjpXd,yDVVkb,E7GzYd,SF3gsd,hKSk3e,FSOnAf,wfcdnd,cilABe,qexExd,DNsE7e,jdrlZe,khenvb,swpmp,gtEOic,Ebsiqd,wiZ2v,QQnX0,oUdseb,WWLNXd,sPwFo,iTsyac,Rsjrje,hc6Ubd,CJeEuc,tZtmyd,Tnlgmf,dWHZee,sszRX,DPQwOe,DDvSYd,NNJERe,CvtcN,KG2eXe,SpsfSb,IVuTze,Lamzc,tfTN8c,o02Jie,cWjcJb,VwDzFe,zbML3c,Cw0Hjd,LgZW9b,EzF5zd,OdgxHf,HDvRde,Uas9Hd,BVgquf,a9EW5e,zbU9W,alwr6,JECyjf,ixOrqc,dlck6b,kmkrAf,A7fCU,hIO81e,Z7OaKe,JGjVRe,UgAtXe,pjICDe:4734:41
  cqa@https://meet.google.com/_/scs/mss-static/_/js/k=boq-rtc.MeetingsUi.en_US.ciiKzUjafN8.2020.O/ck=boq-rtc.MeetingsUi.N7uoX2Q8XGw.L.F4.O/am=hjwABgEAAIBaEHD6gwEIEKAgEAAABAwgn_f-ADBgAICGAeEMYP8HqCQAAgDQEAAAAADkBCQEEgAQ/d=1/exm=LEikZe,_b,_tp,byfTOb,lsjVmc/excm=_b,_tp,calldesktoppageview/ed=1/wt=2/rs=AL5CKSEls8VyZQgK2yrXt4S0uspn0aWZqw/m=n73qwf,ws9Tlc,IZT63,e5qFLc,GkRiKb,UUJqVe,O1Gjze,xUdipf,blwjVc,fKUV3e,aurFic,COQbmf,U0aPgd,ZwDk9d,V3dDOb,mI3LFb,XU5LFb,m9oV,hl,rrm,c6KVyc,jKHFJb,WO9ee,T6U9J,lHoXXe,SFhYHb,qIJF2,rsr,sVRBvb,AePfdf,KiD3i,RqS4qe,t8N1l,zmuYmd,mibVie,syIdOe,ABMzYd,k2r0oe,nUMwj,FMq9Lb,fBTc5d,KdcBrc,O6y8ed,NpD4ec,PrPYRd,iWP1Yb,MpJwZc,O8k1Cd,NwH0H,OmgaI,HLo3Ef,x60fie,xiqEse,lazG7b,g9HNd,MsyKad,ma,kXiGjb,tq1yR,W4cEdc,tQz2Ve,XVMNvd,L1AAkb,KUM7Z,lfpdyf,Fl2dbf,fFdwef,Mh3sMc,GcAaod,rn9YO,Y0bgVb,s39S4,lwddkf,gychg,w9hDv,RMhBfe,qCSYWe,tgTcU,lAg79c,TH1Apc,FJm4Gb,SdcwHb,aW3pY,YLQSd,PQaYAf,P1S3zf,DM8swd,pw70Gc,EFQ78c,Ulmmrd,ZfAoz,mdR7q,Ivl8bd,kbLDWb,CBlRxf,MdUzUe,I6YDgd,N5Lqpc,fgj8Rb,xQtZb,lPKSwe,y4Nztd,QIhFr,JNoxi,MI6k7c,kjKdXe,texUgd,xGC4Gb,pB6Zqd,llTWPd,FYCkde,rHjpXd,yDVVkb,E7GzYd,SF3gsd,hKSk3e,FSOnAf,wfcdnd,cilABe,qexExd,DNsE7e,jdrlZe,khenvb,swpmp,gtEOic,Ebsiqd,wiZ2v,QQnX0,oUdseb,WWLNXd,sPwFo,iTsyac,Rsjrje,hc6Ubd,CJeEuc,tZtmyd,Tnlgmf,dWHZee,sszRX,DPQwOe,DDvSYd,NNJERe,CvtcN,KG2eXe,SpsfSb,IVuTze,Lamzc,tfTN8c,o02Jie,cWjcJb,VwDzFe,zbML3c,Cw0Hjd,LgZW9b,EzF5zd,OdgxHf,HDvRde,Uas9Hd,BVgquf,a9EW5e,zbU9W,alwr6,JECyjf,ixOrqc,dlck6b,kmkrAf,A7fCU,hIO81e,Z7OaKe,JGjVRe,UgAtXe,pjICDe:4734:225
  cqa@https://meet.google.com/_/scs/mss-static/_/js/k=boq-rtc.MeetingsUi.en_US.ciiKzUjafN8.2020.O/ck=boq-rtc.MeetingsUi.N7uoX2Q8XGw.L.F4.O/am=hjwABgEAAIBaEHD6gwEIEKAgEAAABAwgn_f-ADBgAICGAeEMYP8HqCQAAgDQEAAAAADkBCQEEgAQ/d=1/exm=LEikZe,_b,_tp,byfTOb,lsjVmc/excm=_b,_tp,calldesktoppageview/ed=1/wt=2/rs=AL5CKSEls8VyZQgK2yrXt4S0uspn0aWZqw/m=n73qwf,ws9Tlc,IZT63,e5qFLc,GkRiKb,UUJqVe,O1Gjze,xUdipf,blwjVc,fKUV3e,aurFic,COQbmf,U0aPgd,ZwDk9d,V3dDOb,mI3LFb,XU5LFb,m9oV,hl,rrm,c6KVyc,jKHFJb,WO9ee,T6U9J,lHoXXe,SFhYHb,qIJF2,rsr,sVRBvb,AePfdf,KiD3i,RqS4qe,t8N1l,zmuYmd,mibVie,syIdOe,ABMzYd,k2r0oe,nUMwj,FMq9Lb,fBTc5d,KdcBrc,O6y8ed,NpD4ec,PrPYRd,iWP1Yb,MpJwZc,O8k1Cd,NwH0H,OmgaI,HLo3Ef,x60fie,xiqEse,lazG7b,g9HNd,MsyKad,ma,kXiGjb,tq1yR,W4cEdc,tQz2Ve,XVMNvd,L1AAkb,KUM7Z,lfpdyf,Fl2dbf,fFdwef,Mh3sMc,GcAaod,rn9YO,Y0bgVb,s39S4,lwddkf,gychg,w9hDv,RMhBfe,qCSYWe,tgTcU,lAg79c,TH1Apc,FJm4Gb,SdcwHb,aW3pY,YLQSd,PQaYAf,P1S3zf,DM8swd,pw70Gc,EFQ78c,Ulmmrd,ZfAoz,mdR7q,Ivl8bd,kbLDWb,CBlRxf,MdUzUe,I6YDgd,N5Lqpc,fgj8Rb,xQtZb,lPKSwe,y4Nztd,QIhFr,JNoxi,MI6k7c,kjKdXe,texUgd,xGC4Gb,pB6Zqd,llTWPd,FYCkde,rHjpXd,yDVVkb,E7GzYd,SF3gsd,hKSk3e,FSOnAf,wfcdnd,cilABe,qexExd,DNsE7e,jdrlZe,khenvb,swpmp,gtEOic,Ebsiqd,wiZ2v,QQnX0,oUdseb,WWLNXd,sPwFo,iTsyac,Rsjrje,hc6Ubd,CJeEuc,tZtmyd,Tnlgmf,dWHZee,sszRX,DPQwOe,DDvSYd,NNJERe,CvtcN,KG2eXe,SpsfSb,IVuTze,Lamzc,tfTN8c,o02Jie,cWjcJb,VwDzFe,zbML3c,Cw0Hjd,LgZW9b,EzF5zd,OdgxHf,HDvRde,Uas9Hd,BVgquf,a9EW5e,zbU9W,alwr6,JECyjf,ixOrqc,dlck6b,kmkrAf,A7fCU,hIO81e,Z7OaKe,JGjVRe,UgAtXe,pjICDe:4953:264
  r1d@https://meet.google.com/_/scs/mss-static/_/js/k=boq-rtc.MeetingsUi.en_US.ciiKzUjafN8.2020.O/ck=boq-rtc.MeetingsUi.N7uoX2Q8XGw.L.F4.O/am=hjwABgEAAIBaEHD6gwEIEKAgEAAABAwgn_f-ADBgAICGAeEMYP8HqCQAAgDQEAAAAADkBCQEEgAQ/d=1/exm=LEikZe,_b,_tp,byfTOb,lsjVmc/excm=_b,_tp,calldesktoppageview/ed=1/wt=2/rs=AL5CKSEls8VyZQgK2yrXt4S0uspn0aWZqw/m=n73qwf,ws9Tlc,IZT63,e5qFLc,GkRiKb,UUJqVe,O1Gjze,xUdipf,blwjVc,fKUV3e,aurFic,COQbmf,U0aPgd,ZwDk9d,V3dDOb,mI3LFb,XU5LFb,m9oV,hl,rrm,c6KVyc,jKHFJb,WO9ee,T6U9J,lHoXXe,SFhYHb,qIJF2,rsr,sVRBvb,AePfdf,KiD3i,RqS4qe,t8N1l,zmuYmd,mibVie,syIdOe,ABMzYd,k2r0oe,nUMwj,FMq9Lb,fBTc5d,KdcBrc,O6y8ed,NpD4ec,PrPYRd,iWP1Yb,MpJwZc,O8k1Cd,NwH0H,OmgaI,HLo3Ef,x60fie,xiqEse,lazG7b,g9HNd,MsyKad,ma,kXiGjb,tq1yR,W4cEdc,tQz2Ve,XVMNvd,L1AAkb,KUM7Z,lfpdyf,Fl2dbf,fFdwef,Mh3sMc,GcAaod,rn9YO,Y0bgVb,s39S4,lwddkf,gychg,w9hDv,RMhBfe,qCSYWe,tgTcU,lAg79c,TH1Apc,FJm4Gb,SdcwHb,aW3pY,YLQSd,PQaYAf,P1S3zf,DM8swd,pw70Gc,EFQ78c,Ulmmrd,ZfAoz,mdR7q,Ivl8bd,kbLDWb,CBlRxf,MdUzUe,I6YDgd,N5Lqpc,fgj8Rb,xQtZb,lPKSwe,y4Nztd,QIhFr,JNoxi,MI6k7c,kjKdXe,texUgd,xGC4Gb,pB6Zqd,llTWPd,FYCkde,rHjpXd,yDVVkb,E7GzYd,SF3gsd,hKSk3e,FSOnAf,wfcdnd,cilABe,qexExd,DNsE7e,jdrlZe,khenvb,swpmp,gtEOic,Ebsiqd,wiZ2v,QQnX0,oUdseb,WWLNXd,sPwFo,iTsyac,Rsjrje,hc6Ubd,CJeEuc,tZtmyd,Tnlgmf,dWHZee,sszRX,DPQwOe,DDvSYd,NNJERe,CvtcN,KG2eXe,SpsfSb,IVuTze,Lamzc,tfTN8c,o02Jie,cWjcJb,VwDzFe,zbML3c,Cw0Hjd,LgZW9b,EzF5zd,OdgxHf,HDvRde,Uas9Hd,BVgquf,a9EW5e,zbU9W,alwr6,JECyjf,ixOrqc,dlck6b,kmkrAf,A7fCU,hIO81e,Z7OaKe,JGjVRe,UgAtXe,pjICDe:7962:275
  t1d@https://meet.google.com/_/scs/mss-static/_/js/k=boq-rtc.MeetingsUi.en_US.ciiKzUjafN8.2020.O/ck=boq-rtc.MeetingsUi.N7uoX2Q8XGw.L.F4.O/am=hjwABgEAAIBaEHD6gwEIEKAgEAAABAwgn_f-ADBgAICGAeEMYP8HqCQAAgDQEAAAAADkBCQEEgAQ/d=1/exm=LEikZe,_b,_tp,byfTOb,lsjVmc/excm=_b,_tp,calldesktoppageview/ed=1/wt=2/rs=AL5CKSEls8VyZQgK2yrXt4S0uspn0aWZqw/m=n73qwf,ws9Tlc,IZT63,e5qFLc,GkRiKb,UUJqVe,O1Gjze,xUdipf,blwjVc,fKUV3e,aurFic,COQbmf,U0aPgd,ZwDk9d,V3dDOb,mI3LFb,XU5LFb,m9oV,hl,rrm,c6KVyc,jKHFJb,WO9ee,T6U9J,lHoXXe,SFhYHb,qIJF2,rsr,sVRBvb,AePfdf,KiD3i,RqS4qe,t8N1l,zmuYmd,mibVie,syIdOe,ABMzYd,k2r0oe,nUMwj,FMq9Lb,fBTc5d,KdcBrc,O6y8ed,NpD4ec,PrPYRd,iWP1Yb,MpJwZc,O8k1Cd,NwH0H,OmgaI,HLo3Ef,x60fie,xiqEse,lazG7b,g9HNd,MsyKad,ma,kXiGjb,tq1yR,W4cEdc,tQz2Ve,XVMNvd,L1AAkb,KUM7Z,lfpdyf,Fl2dbf,fFdwef,Mh3sMc,GcAaod,rn9YO,Y0bgVb,s39S4,lwddkf,gychg,w9hDv,RMhBfe,qCSYWe,tgTcU,lAg79c,TH1Apc,FJm4Gb,SdcwHb,aW3pY,YLQSd,PQaYAf,P1S3zf,DM8swd,pw70Gc,EFQ78c,Ulmmrd,ZfAoz,mdR7q,Ivl8bd,kbLDWb,CBlRxf,MdUzUe,I6YDgd,N5Lqpc,fgj8Rb,xQtZb,lPKSwe,y4Nztd,QIhFr,JNoxi,MI6k7c,kjKdXe,texUgd,xGC4Gb,pB6Zqd,llTWPd,FYCkde,rHjpXd,yDVVkb,E7GzYd,SF3gsd,hKSk3e,FSOnAf,wfcdnd,cilABe,qexExd,DNsE7e,jdrlZe,khenvb,swpmp,gtEOic,Ebsiqd,wiZ2v,QQnX0,oUdseb,WWLNXd,sPwFo,iTsyac,Rsjrje,hc6Ubd,CJeEuc,tZtmyd,Tnlgmf,dWHZee,sszRX,DPQwOe,DDvSYd,NNJERe,CvtcN,KG2eXe,SpsfSb,IVuTze,Lamzc,tfTN8c,o02Jie,cWjcJb,VwDzFe,zbML3c,Cw0Hjd,LgZW9b,EzF5zd,OdgxHf,HDvRde,Uas9Hd,BVgquf,a9EW5e,zbU9W,alwr6,JECyjf,ixOrqc,dlck6b,kmkrAf,A7fCU,hIO81e,Z7OaKe,JGjVRe,UgAtXe,pjICDe:7956:385
  @https://meet.google.com/_/scs/mss-static/_/js/k=boq-rtc.MeetingsUi.en_US.ciiKzUjafN8.2020.O/ck=boq-rtc.MeetingsUi.N7uoX2Q8XGw.L.F4.O/am=hjwABgEAAIBaEHD6gwEIEKAgEAAABAwgn_f-ADBgAICGAeEMYP8HqCQAAgDQEAAAAADkBCQEEgAQ/d=1/exm=LEikZe,_b,_tp,byfTOb,lsjVmc/excm=_b,_tp,calldesktoppageview/ed=1/wt=2/rs=AL5CKSEls8VyZQgK2yrXt4S0uspn0aWZqw/m=n73qwf,ws9Tlc,IZT63,e5qFLc,GkRiKb,UUJqVe,O1Gjze,xUdipf,blwjVc,fKUV3e,aurFic,COQbmf,U0aPgd,ZwDk9d,V3dDOb,mI3LFb,XU5LFb,m9oV,hl,rrm,c6KVyc,jKHFJb,WO9ee,T6U9J,lHoXXe,SFhYHb,qIJF2,rsr,sVRBvb,AePfdf,KiD3i,RqS4qe,t8N1l,zmuYmd,mibVie,syIdOe,ABMzYd,k2r0oe,nUMwj,FMq9Lb,fBTc5d,KdcBrc,O6y8ed,NpD4ec,PrPYRd,iWP1Yb,MpJwZc,O8k1Cd,NwH0H,OmgaI,HLo3Ef,x60fie,xiqEse,lazG7b,g9HNd,MsyKad,ma,kXiGjb,tq1yR,W4cEdc,tQz2Ve,XVMNvd,L1AAkb,KUM7Z,lfpdyf,Fl2dbf,fFdwef,Mh3sMc,GcAaod,rn9YO,Y0bgVb,s39S4,lwddkf,gychg,w9hDv,RMhBfe,qCSYWe,tgTcU,lAg79c,TH1Apc,FJm4Gb,SdcwHb,aW3pY,YLQSd,PQaYAf,P1S3zf,DM8swd,pw70Gc,EFQ78c,Ulmmrd,ZfAoz,mdR7q,Ivl8bd,kbLDWb,CBlRxf,MdUzUe,I6YDgd,N5Lqpc,fgj8Rb,xQtZb,lPKSwe,y4Nztd,QIhFr,JNoxi,MI6k7c,kjKdXe,texUgd,xGC4Gb,pB6Zqd,llTWPd,FYCkde,rHjpXd,yDVVkb,E7GzYd,SF3gsd,hKSk3e,FSOnAf,wfcdnd,cilABe,qexExd,DNsE7e,jdrlZe,khenvb,swpmp,gtEOic,Ebsiqd,wiZ2v,QQnX0,oUdseb,WWLNXd,sPwFo,iTsyac,Rsjrje,hc6Ubd,CJeEuc,tZtmyd,Tnlgmf,dWHZee,sszRX,DPQwOe,DDvSYd,NNJERe,CvtcN,KG2eXe,SpsfSb,IVuTze,Lamzc,tfTN8c,o02Jie,cWjcJb,VwDzFe,zbML3c,Cw0Hjd,LgZW9b,EzF5zd,OdgxHf,HDvRde,Uas9Hd,BVgquf,a9EW5e,zbU9W,alwr6,JECyjf,ixOrqc,dlck6b,kmkrAf,A7fCU,hIO81e,Z7OaKe,JGjVRe,UgAtXe,pjICDe:7976:375
  jga/e.oa</e.Ba<@https://meet.google.com/_/scs/mss-static/_/js/k=boq-rtc.MeetingsUi.en_US.ciiKzUjafN8.2020.O/am=hjwABgEAAIBaEHD6gwEIEKAgEAAABAwgn_f-ADBgAICGAeEMYP8HqCQAAgDQEAAAAADkBCQEEgAQ/d=1/excm=_b,_tp,calldesktoppageview/ed=1/dg=0/wt=2/rs=AL5CKSF9MTlOGPRy62qZynf6_Xfcj1MskA/m=_b,_tp:160:475
  rga@https://meet.google.com/_/scs/mss-static/_/js/k=boq-rtc.MeetingsUi.en_US.ciiKzUjafN8.2020.O/am=hjwABgEAAIBaEHD6gwEIEKAgEAAABAwgn_f-ADBgAICGAeEMYP8HqCQAAgDQEAAAAADkBCQEEgAQ/d=1/excm=_b,_tp,calldesktoppageview/ed=1/dg=0/wt=2/rs=AL5CKSF9MTlOGPRy62qZynf6_Xfcj1MskA/m=_b,_tp:163:337
  nga@https://meet.google.com/_/scs/mss-static/_/js/k=boq-rtc.MeetingsUi.en_US.ciiKzUjafN8.2020.O/am=hjwABgEAAIBaEHD6gwEIEKAgEAAABAwgn_f-ADBgAICGAeEMYP8HqCQAAgDQEAAAAADkBCQEEgAQ/d=1/excm=_b,_tp,calldesktoppageview/ed=1/dg=0/wt=2/rs=AL5CKSF9MTlOGPRy62qZynf6_Xfcj1MskA/m=_b,_tp:163:212
  _.sg.prototype.Swa@https://meet.google.com/_/scs/mss-static/_/js/k=boq-rtc.MeetingsUi.en_US.ciiKzUjafN8.2020.O/am=hjwABgEAAIBaEHD6gwEIEKAgEAAABAwgn_f-ADBgAICGAeEMYP8HqCQAAgDQEAAAAADkBCQEEgAQ/d=1/excm=_b,_tp,calldesktoppageview/ed=1/dg=0/wt=2/rs=AL5CKSF9MTlOGPRy62qZynf6_Xfcj1MskA/m=_b,_tp:163:80
  cga@https://meet.google.com/_/scs/mss-static/_/js/k=boq-rtc.MeetingsUi.en_US.ciiKzUjafN8.2020.O/am=hjwABgEAAIBaEHD6gwEIEKAgEAAABAwgn_f-ADBgAICGAeEMYP8HqCQAAgDQEAAAAADkBCQEEgAQ/d=1/excm=_b,_tp,calldesktoppageview/ed=1/dg=0/wt=2/rs=AL5CKSF9MTlOGPRy62qZynf6_Xfcj1MskA/m=_b,_tp:155:308
  "
  closure_uid_361121471 = 67
}
JavaScript error: https://meet.google.com/_/scs/mss-static/_/js/k=boq-rtc.MeetingsUi.en_US.ciiKzUjafN8.2020.O/ck=boq-rtc.MeetingsUi.N7uoX2Q8XGw.L.F4.O/am=hjwABgEAAIBaEHD6gwEIEKAgEAAABAwgn_f-ADBgAICGAeEMYP8HqCQAAgDQEAAAAADkBCQEEgAQ/d=1/exm=LEikZe,_b,_tp,byfTOb,lsjVmc/excm=_b,_tp,calldesktoppageview/ed=1/wt=2/rs=AL5CKSEls8VyZQgK2yrXt4S0uspn0aWZqw/m=n73qwf,ws9Tlc,IZT63,e5qFLc,GkRiKb,UUJqVe,O1Gjze,xUdipf,blwjVc,fKUV3e,aurFic,COQbmf,U0aPgd,ZwDk9d,V3dDOb,mI3LFb,XU5LFb,m9oV,hl,rrm,c6KVyc,jKHFJb,WO9ee,T6U9J,lHoXXe,SFhYHb,qIJF2,rsr,sVRBvb,AePfdf,KiD3i,RqS4qe,t8N1l,zmuYmd,mibVie,syIdOe,ABMzYd,k2r0oe,nUMwj,FMq9Lb,fBTc5d,KdcBrc,O6y8ed,NpD4ec,PrPYRd,iWP1Yb,MpJwZc,O8k1Cd,NwH0H,OmgaI,HLo3Ef,x60fie,xiqEse,lazG7b,g9HNd,MsyKad,ma,kXiGjb,tq1yR,W4cEdc,tQz2Ve,XVMNvd,L1AAkb,KUM7Z,lfpdyf,Fl2dbf,fFdwef,Mh3sMc,GcAaod,rn9YO,Y0bgVb,s39S4,lwddkf,gychg,w9hDv,RMhBfe,qCSYWe,tgTcU,lAg79c,TH1Apc,FJm4Gb,SdcwHb,aW3pY,YLQSd,PQaYAf,P1S3zf,DM8swd,pw70Gc,EFQ78c,Ulmmrd,ZfAoz,mdR7q,Ivl8bd,kbLDWb,CBlRxf,MdUzUe,I6YDgd,N5Lqpc,fgj8Rb,xQtZb,lPKSwe,y4Nztd,QIhFr,JNoxi,MI6k7c,kjKdXe,texUgd,xGC4Gb,pB6Zqd,llTWPd,FYCkde,rHjpXd,yDVVkb,E7GzYd,SF3gsd,hKSk3e,FSOnAf,wfcdnd,cilABe,qexExd,DNsE7e,jdrlZe,khenvb,swpmp,gtEOic,Ebsiqd,wiZ2v,QQnX0,oUdseb,WWLNXd,sPwFo,iTsyac,Rsjrje,hc6Ubd,CJeEuc,tZtmyd,Tnlgmf,dWHZee,sszRX,DPQwOe,DDvSYd,NNJERe,CvtcN,KG2eXe,SpsfSb,IVuTze,Lamzc,tfTN8c,o02Jie,cWjcJb,VwDzFe,zbML3c,Cw0Hjd,LgZW9b,EzF5zd,OdgxHf,HDvRde,Uas9Hd,BVgquf,a9EW5e,zbU9W,alwr6,JECyjf,ixOrqc,dlck6b,kmkrAf,A7fCU,hIO81e,Z7OaKe,JGjVRe,UgAtXe,pjICDe, line 7706: Error: DisconnectedError, EndCause = 72
JavaScript error: https://meet.google.com/_/scs/mss-static/_/js/k=boq-rtc.MeetingsUi.en_US.ciiKzUjafN8.2020.O/ck=boq-rtc.MeetingsUi.N7uoX2Q8XGw.L.F4.O/am=hjwABgEAAIBaEHD6gwEIEKAgEAAABAwgn_f-ADBgAICGAeEMYP8HqCQAAgDQEAAAAADkBCQEEgAQ/d=1/exm=LEikZe,_b,_tp,byfTOb,lsjVmc/excm=_b,_tp,calldesktoppageview/ed=1/wt=2/rs=AL5CKSEls8VyZQgK2yrXt4S0uspn0aWZqw/m=n73qwf,ws9Tlc,IZT63,e5qFLc,GkRiKb,UUJqVe,O1Gjze,xUdipf,blwjVc,fKUV3e,aurFic,COQbmf,U0aPgd,ZwDk9d,V3dDOb,mI3LFb,XU5LFb,m9oV,hl,rrm,c6KVyc,jKHFJb,WO9ee,T6U9J,lHoXXe,SFhYHb,qIJF2,rsr,sVRBvb,AePfdf,KiD3i,RqS4qe,t8N1l,zmuYmd,mibVie,syIdOe,ABMzYd,k2r0oe,nUMwj,FMq9Lb,fBTc5d,KdcBrc,O6y8ed,NpD4ec,PrPYRd,iWP1Yb,MpJwZc,O8k1Cd,NwH0H,OmgaI,HLo3Ef,x60fie,xiqEse,lazG7b,g9HNd,MsyKad,ma,kXiGjb,tq1yR,W4cEdc,tQz2Ve,XVMNvd,L1AAkb,KUM7Z,lfpdyf,Fl2dbf,fFdwef,Mh3sMc,GcAaod,rn9YO,Y0bgVb,s39S4,lwddkf,gychg,w9hDv,RMhBfe,qCSYWe,tgTcU,lAg79c,TH1Apc,FJm4Gb,SdcwHb,aW3pY,YLQSd,PQaYAf,P1S3zf,DM8swd,pw70Gc,EFQ78c,Ulmmrd,ZfAoz,mdR7q,Ivl8bd,kbLDWb,CBlRxf,MdUzUe,I6YDgd,N5Lqpc,fgj8Rb,xQtZb,lPKSwe,y4Nztd,QIhFr,JNoxi,MI6k7c,kjKdXe,texUgd,xGC4Gb,pB6Zqd,llTWPd,FYCkde,rHjpXd,yDVVkb,E7GzYd,SF3gsd,hKSk3e,FSOnAf,wfcdnd,cilABe,qexExd,DNsE7e,jdrlZe,khenvb,swpmp,gtEOic,Ebsiqd,wiZ2v,QQnX0,oUdseb,WWLNXd,sPwFo,iTsyac,Rsjrje,hc6Ubd,CJeEuc,tZtmyd,Tnlgmf,dWHZee,sszRX,DPQwOe,DDvSYd,NNJERe,CvtcN,KG2eXe,SpsfSb,IVuTze,Lamzc,tfTN8c,o02Jie,cWjcJb,VwDzFe,zbML3c,Cw0Hjd,LgZW9b,EzF5zd,OdgxHf,HDvRde,Uas9Hd,BVgquf,a9EW5e,zbU9W,alwr6,JECyjf,ixOrqc,dlck6b,kmkrAf,A7fCU,hIO81e,Z7OaKe,JGjVRe,UgAtXe,pjICDe, line 7706: Error: DisconnectedError, EndCause = 72
JavaScript error: , line 0: uncaught exception: Object
JavaScript error: , line 0: uncaught exception: Object
JavaScript error: , line 0: uncaught exception: Object
JavaScript error: , line 0: uncaught exception: Object
JavaScript error: , line 0: NotAllowedError: The request is not allowed by the user agent or the platform in the current context.
JavaScript error: , line 0: NotAllowedError: The request is not allowed by the user agent or the platform in the current context.
JavaScript error: , line 0: NotAllowedError: The request is not allowed by the user agent or the platform in the current context.
1625736923222	Marionette	INFO	Stopped listening on port 34745

###!!! [Parent][RunMessage] Error: Channel closing: too late to send/recv, messages will be lost

1625736962978	geckodriver	INFO	Listening on 127.0.0.1:43311
1625736962982	mozrunner::runner	INFO	Running command: "/usr/bin/firefox" "--marionette" "-foreground" "-no-remote" "-profile" "/tmp/rust_mozprofileoQddiB"
1625736970707	Marionette	INFO	Marionette enabled
console.warn: SearchSettings: "get: No settings file exists, new profile?" (new NotFoundError("Could not open the file at /tmp/rust_mozprofileoQddiB/search.json.mozlz4", (void 0)))
1625736975743	Marionette	INFO	Listening on port 39169
1625736977260	Marionette	WARN	TLS certificate errors will be ignored for this session
1625736983516	Marionette	INFO	Stopped listening on port 39169

###!!! [Parent][RunMessage] Error: Channel closing: too late to send/recv, messages will be lost

1625737105511	geckodriver	INFO	Listening on 127.0.0.1:37717
1625737105515	mozrunner::runner	INFO	Running command: "/usr/bin/firefox" "--marionette" "-foreground" "-no-remote" "-profile" "/tmp/rust_mozprofileDvPB7i"
1625737108030	Marionette	INFO	Marionette enabled
console.warn: SearchSettings: "get: No settings file exists, new profile?" (new NotFoundError("Could not open the file at /tmp/rust_mozprofileDvPB7i/search.json.mozlz4", (void 0)))
console.error: Region.jsm: "Error fetching region" (new Error("TIMEOUT", "resource://gre/modules/Region.jsm", 772))
console.error: Region.jsm: "Failed to fetch region" (new Error("TIMEOUT", "resource://gre/modules/Region.jsm", 419))
1625737121176	Marionette	INFO	Listening on port 38267
1625737122893	Marionette	WARN	TLS certificate errors will be ignored for this session
console.warn: LoginRecipes: "getRecipes: falling back to a synchronous message for:" "https://accounts.google.com"
1625737200946	geckodriver	INFO	Listening on 127.0.0.1:57017
1625737200949	mozrunner::runner	INFO	Running command: "/usr/bin/firefox" "--marionette" "-foreground" "-no-remote" "-profile" "/tmp/rust_mozprofileGj17bH"
1625737203461	Marionette	INFO	Marionette enabled
console.warn: SearchSettings: "get: No settings file exists, new profile?" (new NotFoundError("Could not open the file at /tmp/rust_mozprofileGj17bH/search.json.mozlz4", (void 0)))
1625737208218	Marionette	INFO	Listening on port 39305
1625737208319	Marionette	WARN	TLS certificate errors will be ignored for this session
1625737225694	Marionette	INFO	Stopped listening on port 39305

###!!! [Parent][RunMessage] Error: Channel closing: too late to send/recv, messages will be lost

